#
# A fatal error has been detected by the Java Runtime Environment:
#
#  EXCEPTION_ACCESS_VIOLATION (0xc0000005) at pc=0x00007ff8f82c523a, pid=18396, tid=12868
#
# JRE version: OpenJDK Runtime Environment Zulu17.36+13-CA (17.0.4+8) (build 17.0.4+8-LTS)
# Java VM: OpenJDK 64-Bit Server VM Zulu17.36+13-CA (17.0.4+8-LTS, mixed mode, sharing, tiered, compressed oops, compressed class ptrs, g1 gc, windows-amd64)
# Problematic frame:
# V  [jvm.dll+0x7a523a]
#
# No core dump will be written. Minidumps are not enabled by default on client versions of Windows
#
# If you would like to submit a bug report, please visit:
#   http://www.azul.com/support/
#

---------------  S U M M A R Y ------------

Command Line: -XX:+ShowCodeDetailsInExceptionMessages -agentlib:jdwp=transport=dt_socket,suspend=y,address=localhost:55047 -javaagent:C:\Users\Rafae\eclipse\java-2022-03\eclipse\configuration\org.eclipse.osgi\225\0\.cp\lib\javaagent-shaded.jar -Dfile.encoding=Cp1252 Client1

Host: Intel(R) Core(TM) i7-8750H CPU @ 2.20GHz, 12 cores, 15G,  Windows 11 , 64 bit Build 22621 (10.0.22621.963)
Time: Tue Dec 27 20:57:25 2022 Hora padrão de GMT elapsed time: 466.437693 seconds (0d 0h 7m 46s)

---------------  T H R E A D  ---------------

Current thread (0x000001e980b02530):  JavaThread "JDWP Transport Listener: dt_socket" daemon [_thread_in_vm, id=12868, stack(0x000000dc80800000,0x000000dc80900000)]

Stack: [0x000000dc80800000,0x000000dc80900000],  sp=0x000000dc808ff630,  free space=1021k
Native frames: (J=compiled Java code, j=interpreted, Vv=VM code, C=native code)
V  [jvm.dll+0x7a523a]
V  [jvm.dll+0x50e6cc]
V  [jvm.dll+0x4d5ae5]
C  [jdwp.dll+0x2301b]


siginfo: EXCEPTION_ACCESS_VIOLATION (0xc0000005), reading address 0x0000000000480048


Register to memory mapping:

RIP=0x00007ff8f82c523a jvm.dll
RAX=0x0000000000000049 is an unknown value
RBX=0x000001e98097138e points into unknown readable memory: 6a 65
RCX=0x0000000000480044 is an unknown value
RDX=0x000001e980bcd560 points into unknown readable memory: 0x527265626d754e4c | 4c 4e 75 6d 62 65 72 52
RSP=0x000000dc808ff630 is pointing into the stack for thread: 0x000001e980b02530
RBP=0x000001e980af0ff0 points into unknown readable memory: 0x0000000000000002 | 02 00 00 00 00 00 00 00
RSI=0x0 is NULL
RDI=0xffffffffffffffff is an unknown value
R8 =0x0000000000000009 is an unknown value
R9 =0x000000000000001d is an unknown value
R10=0x0 is NULL
R11=0x000000dc808ff650 is pointing into the stack for thread: 0x000001e980b02530
R12=0x000000dc808ff788 is pointing into the stack for thread: 0x000001e980b02530
R13=0x0 is NULL
R14=0x0000000800c079d8 is a pointer to class: 
NumberRange {0x0000000800c079e0}
 - instance size:     3
 - klass size:        72
 - access:            public synchronized 
 - state:             fully_initialized
 - name:              'NumberRange'
 - super:             'java/lang/Object'
 - sub:               
 - arrays:            NULL
 - methods:           Array<T>(0x000001e980446940)
 - method ordering:   Array<T>(0x000001e980446c80)
 - default_methods:   Array<T>(0x0000000000000000)
 - local interfaces:  Array<T>(0x000001e980445ea0)
 - trans. interfaces: Array<T>(0x000001e980445ea0)
 - constants:         constant pool [75] {0x000001e980448ba8} for 'NumberRange' cache=0x000001e9804466d8
 - class loader data:  loader data: 0x000001e980a9df60 for instance a 'jdk/internal/loader/ClassLoaders$AppClassLoader'{0x0000000712063f18}
 - source file:       'NumberRange.java'
 - source debug extension:       SMAP
NumberRange.java
Java
*S jdt
*F
1 NumberRange.java
2 file:/F:/temp/ws%20-%20ecliplse/TP2_VR/bin/
*L
*E

 - class annotations:       Array<T>(0x0000000000000000)
 - class type annotations:  Array<T>(0x0000000000000000)
 - field annotations:       Array<T>(0x0000000000000000)
 - field type annotations:  Array<T>(0x0000000000000000)
 - generic signature: '
[error occurred during error reporting (printing register info), id 0xc0000005, EXCEPTION_ACCESS_VIOLATION (0xc0000005) at pc=0x00007ff8f82c5e46]

Registers:
RAX=0x0000000000000049, RBX=0x000001e98097138e, RCX=0x0000000000480044, RDX=0x000001e980bcd560
RSP=0x000000dc808ff630, RBP=0x000001e980af0ff0, RSI=0x0000000000000000, RDI=0xffffffffffffffff
R8 =0x0000000000000009, R9 =0x000000000000001d, R10=0x0000000000000000, R11=0x000000dc808ff650
R12=0x000000dc808ff788, R13=0x0000000000000000, R14=0x0000000800c079d8, R15=0x000000dc808ff7d8
RIP=0x00007ff8f82c523a, EFLAGS=0x0000000000010206

Top of Stack: (sp=0x000000dc808ff630)
0x000000dc808ff630:   000000000000000b 0000000800c079d8
0x000000dc808ff640:   000001e980b02530 0000000000000000
0x000000dc808ff650:   ffffffffffffffff 00007ff8f802e6cc
0x000000dc808ff660:   000001e98097138e 000001e980971380
0x000000dc808ff670:   000001e980af0ff0 000001e9d9e1b340
0x000000dc808ff680:   000001e980971360 00000000000003d8
0x000000dc808ff690:   000001e980971370 000001e980971748
0x000000dc808ff6a0:   0000000000000002 000000dc808ff788
0x000000dc808ff6b0:   0000000000000000 0000000000000000
0x000000dc808ff6c0:   0000000711d586b0 00007ff8f7ff5ae5
0x000000dc808ff6d0:   000001e980b02530 000000dc808ff7d8
0x000000dc808ff6e0:   000001e9dc1dd680 000000dc808ff7d8
0x000000dc808ff6f0:   000001e980b02530 0000000000000000
0x000000dc808ff700:   000001e900000000 0000000000000000
0x000000dc808ff710:   000000000000000d 00007ff9458b301b
0x000000dc808ff720:   000000dc808ff7d0 00007ff9458c1600 

Instructions: (pc=0x00007ff8f82c523a)
0x00007ff8f82c513a:   48 83 c4 20 5f e9 4c 13 90 ff cc cc cc cc cc cc
0x00007ff8f82c514a:   cc cc cc cc cc cc 48 89 5c 24 08 57 48 83 ec 20
0x00007ff8f82c515a:   83 fa 02 8d 42 06 b9 08 00 00 00 49 8b d8 0f 4e
0x00007ff8f82c516a:   c1 48 63 c8 48 83 c1 07 83 e1 f8 48 63 f9 49 8b
0x00007ff8f82c517a:   48 18 48 8b c7 48 f7 d0 48 3b c1 73 16 4c 8d 05
0x00007ff8f82c518a:   5a 61 17 00 48 8b d7 48 8b cb e8 57 76 90 ff 48
0x00007ff8f82c519a:   8b 4b 18 48 8d 04 39 48 3b 43 20 76 18 45 33 c0
0x00007ff8f82c51aa:   48 8b d7 48 8b cb 48 8b 5c 24 30 48 83 c4 20 5f
0x00007ff8f82c51ba:   e9 b1 72 90 ff 48 89 43 18 48 8b c1 48 8b 5c 24
0x00007ff8f82c51ca:   30 48 83 c4 20 5f c3 cc cc cc cc cc cc cc cc cc
0x00007ff8f82c51da:   cc cc cc cc cc cc 4c 8b d2 4c 8b d9 45 85 c0 7e
0x00007ff8f82c51ea:   3c 44 0f b7 49 04 41 8d 40 ff 41 3b c1 44 0f 4c
0x00007ff8f82c51fa:   c8 4d 63 c1 45 85 c9 7e 1f 48 8b c2 4c 2b da 49
0x00007ff8f82c520a:   8b d0 0f 1f 40 00 41 0f b6 4c 03 06 88 08 48 8d
0x00007ff8f82c521a:   40 01 48 83 ea 01 75 ee 43 c6 04 10 00 49 8b c2
0x00007ff8f82c522a:   c3 cc cc cc cc cc 48 89 5c 24 08 57 48 83 ec 20
0x00007ff8f82c523a:   0f b7 59 04 48 8b f9 33 d2 48 8d 4b 01 e8 84 d7
0x00007ff8f82c524a:   f2 ff 0f b7 57 04 4c 8b c0 3b da 0f 42 d3 44 8b
0x00007ff8f82c525a:   ca 85 d2 74 39 48 2b f8 0f 1f 40 00 66 66 0f 1f
0x00007ff8f82c526a:   84 00 00 00 00 00 0f b6 4c 07 06 88 08 48 ff c0
0x00007ff8f82c527a:   48 8b c8 49 2b c8 49 3b c9 7c eb 42 c6 04 02 00
0x00007ff8f82c528a:   49 8b c0 48 8b 5c 24 30 48 83 c4 20 5f c3 48 8b
0x00007ff8f82c529a:   5c 24 30 c6 04 02 00 48 83 c4 20 5f c3 cc cc cc
0x00007ff8f82c52aa:   cc cc cc cc cc cc 4c 8b d1 45 85 c0 7e 6c 44 0f
0x00007ff8f82c52ba:   b7 49 04 41 8d 40 ff 41 3b c1 44 0f 4c c8 4d 63
0x00007ff8f82c52ca:   d9 45 85 c9 7e 22 48 8b ca 4c 2b d2 4d 8b c3 0f
0x00007ff8f82c52da:   1f 80 00 00 00 00 41 0f b6 44 0a 06 88 01 48 8d
0x00007ff8f82c52ea:   49 01 49 83 e8 01 75 ee 41 c6 04 13 00 48 c7 c0
0x00007ff8f82c52fa:   ff ff ff ff 66 90 48 ff c0 80 3c 02 00 75 f7 48
0x00007ff8f82c530a:   63 c8 85 c0 48 8b c2 7e 14 80 38 2f 75 03 c6 00
0x00007ff8f82c531a:   2e 48 ff c0 48 83 e9 01 75 ef 48 8b c2 c3 cc cc
0x00007ff8f82c532a:   cc cc cc cc cc cc 48 83 ec 28 e8 f7 fe ff ff 4c 


Stack slot to memory mapping:
stack at sp + 0 slots: 0x000000000000000b is an unknown value
stack at sp + 1 slots: 0x0000000800c079d8 is a pointer to class: 
NumberRange {0x0000000800c079e0}
 - instance size:     3
 - klass size:        72
 - access:            public synchronized 
 - state:             fully_initialized
 - name:              'NumberRange'
 - super:             'java/lang/Object'
 - sub:               
 - arrays:            NULL
 - methods:           Array<T>(0x000001e980446940)
 - method ordering:   Array<T>(0x000001e980446c80)
 - default_methods:   Array<T>(0x0000000000000000)
 - local interfaces:  Array<T>(0x000001e980445ea0)
 - trans. interfaces: Array<T>(0x000001e980445ea0)
 - constants:         constant pool [75] {0x000001e980448ba8} for 'NumberRange' cache=0x000001e9804466d8
 - class loader data:  loader data: 0x000001e980a9df60 for instance a 'jdk/internal/loader/ClassLoaders$AppClassLoader'{0x0000000712063f18}
 - source file:       'NumberRange.java'
 - source debug extension:       SMAP
NumberRange.java
Java
*S jdt
*F
1 NumberRange.java
2 file:/F:/temp/ws%20-%20ecliplse/TP2_VR/bin/
*L
*E

 - class annotations:       Array<T>(0x0000000000000000)
 - class type annotations:  Array<T>(0x0000000000000000)
 - field annotations:       Array<T>(0x0000000000000000)
 - field type annotations:  Array<T>(0x0000000000000000)
 - generic signature: '
[error occurred during error reporting (inspecting top of stack), id 0xc0000005, EXCEPTION_ACCESS_VIOLATION (0xc0000005) at pc=0x00007ff8f82c5e46]


---------------  P R O C E S S  ---------------

Threads class SMR info:
_java_thread_list=0x000001e980c6c020, length=15, elements={
0x000001e9dc1ed4e0, 0x000001e9ff5eed30, 0x000001e9ff5ef8f0, 0x000001e9ff6088f0,
0x000001e9ff60a2c0, 0x000001e9ff60bc90, 0x000001e9ff60c650, 0x000001e9ff60e420,
0x000001e980970df0, 0x000001e98097b310, 0x000001e9ff5d5940, 0x000001e980b02530,
0x000001e980b75af0, 0x000001e980b761f0, 0x000001e980c6c940
}

Java Threads: ( => current thread )
  0x000001e9dc1ed4e0 JavaThread "main" [_thread_blocked, id=15496, stack(0x000000dcff700000,0x000000dcff800000)]
  0x000001e9ff5eed30 JavaThread "Reference Handler" daemon [_thread_blocked, id=6076, stack(0x000000dcffe00000,0x000000dcfff00000)]
  0x000001e9ff5ef8f0 JavaThread "Finalizer" daemon [_thread_blocked, id=12756, stack(0x000000dcfff00000,0x000000dd00000000)]
  0x000001e9ff6088f0 JavaThread "Signal Dispatcher" daemon [_thread_blocked, id=3192, stack(0x000000dc80000000,0x000000dc80100000)]
  0x000001e9ff60a2c0 JavaThread "Attach Listener" daemon [_thread_blocked, id=16776, stack(0x000000dc80100000,0x000000dc80200000)]
  0x000001e9ff60bc90 JavaThread "Service Thread" daemon [_thread_blocked, id=21248, stack(0x000000dc80200000,0x000000dc80300000)]
  0x000001e9ff60c650 JavaThread "Monitor Deflation Thread" daemon [_thread_blocked, id=22544, stack(0x000000dc80300000,0x000000dc80400000)]
  0x000001e9ff60e420 JavaThread "C2 CompilerThread0" daemon [_thread_blocked, id=21860, stack(0x000000dc80400000,0x000000dc80500000)]
  0x000001e980970df0 JavaThread "C1 CompilerThread0" daemon [_thread_blocked, id=3884, stack(0x000000dc80500000,0x000000dc80600000)]
  0x000001e98097b310 JavaThread "Sweeper thread" daemon [_thread_blocked, id=5772, stack(0x000000dc80600000,0x000000dc80700000)]
  0x000001e9ff5d5940 JavaThread "Common-Cleaner" daemon [_thread_blocked, id=14288, stack(0x000000dc80700000,0x000000dc80800000)]
=>0x000001e980b02530 JavaThread "JDWP Transport Listener: dt_socket" daemon [_thread_in_vm, id=12868, stack(0x000000dc80800000,0x000000dc80900000)]
  0x000001e980b75af0 JavaThread "JDWP Event Helper Thread" daemon [_thread_blocked, id=7460, stack(0x000000dc80900000,0x000000dc80a00000)]
  0x000001e980b761f0 JavaThread "JDWP Command Reader" daemon [_thread_in_native, id=10848, stack(0x000000dc80a00000,0x000000dc80b00000)]
  0x000001e980c6c940 JavaThread "Notification Thread" daemon [_thread_blocked, id=5448, stack(0x000000dc80c00000,0x000000dc80d00000)]

Other Threads:
  0x000001e9ff5e9280 VMThread "VM Thread" [stack: 0x000000dcffd00000,0x000000dcffe00000] [id=5316]
  0x000001e9dc2840b0 WatcherThread [stack: 0x000000dc80d00000,0x000000dc80e00000] [id=2016]
  0x000001e9dc25aca0 GCTaskThread "GC Thread#0" [stack: 0x000000dcff800000,0x000000dcff900000] [id=18276]
  0x000001e9dc26b9b0 ConcurrentGCThread "G1 Main Marker" [stack: 0x000000dcff900000,0x000000dcffa00000] [id=2092]
  0x000001e9dc26ccc0 ConcurrentGCThread "G1 Conc#0" [stack: 0x000000dcffa00000,0x000000dcffb00000] [id=1504]
  0x000001e9dc2bdf80 ConcurrentGCThread "G1 Refine#0" [stack: 0x000000dcffb00000,0x000000dcffc00000] [id=3292]
  0x000001e9dc2be850 ConcurrentGCThread "G1 Service" [stack: 0x000000dcffc00000,0x000000dcffd00000] [id=17276]

Threads with active compile tasks:

VM state: not at safepoint (normal execution)

VM Mutex/Monitor currently owned by a thread: None

Heap address: 0x0000000702400000, size: 4060 MB, Compressed Oops mode: Zero based, Oop shift amount: 3

CDS archive(s) mapped at: [0x0000000800000000-0x0000000800c00000-0x0000000800c00000), size 12582912, SharedBaseAddress: 0x0000000800000000, ArchiveRelocationMode: 0.
Compressed class space mapped at: 0x0000000800c00000-0x0000000840c00000, reserved size: 1073741824
Narrow klass base: 0x0000000800000000, Narrow klass shift: 0, Narrow klass range: 0x100000000

GC Precious Log:
 CPUs: 12 total, 12 available
 Memory: 16235M
 Large Page Support: Disabled
 NUMA Support: Disabled
 Compressed Oops: Enabled (Zero based)
 Heap Region Size: 2M
 Heap Min Capacity: 8M
 Heap Initial Capacity: 254M
 Heap Max Capacity: 4060M
 Pre-touch: Disabled
 Parallel Workers: 10
 Concurrent Workers: 3
 Concurrent Refinement Workers: 10
 Periodic GC: Disabled

Heap:
 garbage-first heap   total 260096K, used 4096K [0x0000000702400000, 0x0000000800000000)
  region size 2048K, 3 young (6144K), 0 survivors (0K)
 Metaspace       used 2735K, committed 2880K, reserved 1056768K
  class space    used 255K, committed 320K, reserved 1048576K

Heap Regions: E=young(eden), S=young(survivor), O=old, HS=humongous(starts), HC=humongous(continues), CS=collection set, F=free, OA=open archive, CA=closed archive, TAMS=top-at-mark-start (previous, next)
|   0|0x0000000702400000, 0x0000000702400000, 0x0000000702600000|  0%| F|  |TAMS 0x0000000702400000, 0x0000000702400000| Untracked 
|   1|0x0000000702600000, 0x0000000702600000, 0x0000000702800000|  0%| F|  |TAMS 0x0000000702600000, 0x0000000702600000| Untracked 
|   2|0x0000000702800000, 0x0000000702800000, 0x0000000702a00000|  0%| F|  |TAMS 0x0000000702800000, 0x0000000702800000| Untracked 
|   3|0x0000000702a00000, 0x0000000702a00000, 0x0000000702c00000|  0%| F|  |TAMS 0x0000000702a00000, 0x0000000702a00000| Untracked 
|   4|0x0000000702c00000, 0x0000000702c00000, 0x0000000702e00000|  0%| F|  |TAMS 0x0000000702c00000, 0x0000000702c00000| Untracked 
|   5|0x0000000702e00000, 0x0000000702e00000, 0x0000000703000000|  0%| F|  |TAMS 0x0000000702e00000, 0x0000000702e00000| Untracked 
|   6|0x0000000703000000, 0x0000000703000000, 0x0000000703200000|  0%| F|  |TAMS 0x0000000703000000, 0x0000000703000000| Untracked 
|   7|0x0000000703200000, 0x0000000703200000, 0x0000000703400000|  0%| F|  |TAMS 0x0000000703200000, 0x0000000703200000| Untracked 
|   8|0x0000000703400000, 0x0000000703400000, 0x0000000703600000|  0%| F|  |TAMS 0x0000000703400000, 0x0000000703400000| Untracked 
|   9|0x0000000703600000, 0x0000000703600000, 0x0000000703800000|  0%| F|  |TAMS 0x0000000703600000, 0x0000000703600000| Untracked 
|  10|0x0000000703800000, 0x0000000703800000, 0x0000000703a00000|  0%| F|  |TAMS 0x0000000703800000, 0x0000000703800000| Untracked 
|  11|0x0000000703a00000, 0x0000000703a00000, 0x0000000703c00000|  0%| F|  |TAMS 0x0000000703a00000, 0x0000000703a00000| Untracked 
|  12|0x0000000703c00000, 0x0000000703c00000, 0x0000000703e00000|  0%| F|  |TAMS 0x0000000703c00000, 0x0000000703c00000| Untracked 
|  13|0x0000000703e00000, 0x0000000703e00000, 0x0000000704000000|  0%| F|  |TAMS 0x0000000703e00000, 0x0000000703e00000| Untracked 
|  14|0x0000000704000000, 0x0000000704000000, 0x0000000704200000|  0%| F|  |TAMS 0x0000000704000000, 0x0000000704000000| Untracked 
|  15|0x0000000704200000, 0x0000000704200000, 0x0000000704400000|  0%| F|  |TAMS 0x0000000704200000, 0x0000000704200000| Untracked 
|  16|0x0000000704400000, 0x0000000704400000, 0x0000000704600000|  0%| F|  |TAMS 0x0000000704400000, 0x0000000704400000| Untracked 
|  17|0x0000000704600000, 0x0000000704600000, 0x0000000704800000|  0%| F|  |TAMS 0x0000000704600000, 0x0000000704600000| Untracked 
|  18|0x0000000704800000, 0x0000000704800000, 0x0000000704a00000|  0%| F|  |TAMS 0x0000000704800000, 0x0000000704800000| Untracked 
|  19|0x0000000704a00000, 0x0000000704a00000, 0x0000000704c00000|  0%| F|  |TAMS 0x0000000704a00000, 0x0000000704a00000| Untracked 
|  20|0x0000000704c00000, 0x0000000704c00000, 0x0000000704e00000|  0%| F|  |TAMS 0x0000000704c00000, 0x0000000704c00000| Untracked 
|  21|0x0000000704e00000, 0x0000000704e00000, 0x0000000705000000|  0%| F|  |TAMS 0x0000000704e00000, 0x0000000704e00000| Untracked 
|  22|0x0000000705000000, 0x0000000705000000, 0x0000000705200000|  0%| F|  |TAMS 0x0000000705000000, 0x0000000705000000| Untracked 
|  23|0x0000000705200000, 0x0000000705200000, 0x0000000705400000|  0%| F|  |TAMS 0x0000000705200000, 0x0000000705200000| Untracked 
|  24|0x0000000705400000, 0x0000000705400000, 0x0000000705600000|  0%| F|  |TAMS 0x0000000705400000, 0x0000000705400000| Untracked 
|  25|0x0000000705600000, 0x0000000705600000, 0x0000000705800000|  0%| F|  |TAMS 0x0000000705600000, 0x0000000705600000| Untracked 
|  26|0x0000000705800000, 0x0000000705800000, 0x0000000705a00000|  0%| F|  |TAMS 0x0000000705800000, 0x0000000705800000| Untracked 
|  27|0x0000000705a00000, 0x0000000705a00000, 0x0000000705c00000|  0%| F|  |TAMS 0x0000000705a00000, 0x0000000705a00000| Untracked 
|  28|0x0000000705c00000, 0x0000000705c00000, 0x0000000705e00000|  0%| F|  |TAMS 0x0000000705c00000, 0x0000000705c00000| Untracked 
|  29|0x0000000705e00000, 0x0000000705e00000, 0x0000000706000000|  0%| F|  |TAMS 0x0000000705e00000, 0x0000000705e00000| Untracked 
|  30|0x0000000706000000, 0x0000000706000000, 0x0000000706200000|  0%| F|  |TAMS 0x0000000706000000, 0x0000000706000000| Untracked 
|  31|0x0000000706200000, 0x0000000706200000, 0x0000000706400000|  0%| F|  |TAMS 0x0000000706200000, 0x0000000706200000| Untracked 
|  32|0x0000000706400000, 0x0000000706400000, 0x0000000706600000|  0%| F|  |TAMS 0x0000000706400000, 0x0000000706400000| Untracked 
|  33|0x0000000706600000, 0x0000000706600000, 0x0000000706800000|  0%| F|  |TAMS 0x0000000706600000, 0x0000000706600000| Untracked 
|  34|0x0000000706800000, 0x0000000706800000, 0x0000000706a00000|  0%| F|  |TAMS 0x0000000706800000, 0x0000000706800000| Untracked 
|  35|0x0000000706a00000, 0x0000000706a00000, 0x0000000706c00000|  0%| F|  |TAMS 0x0000000706a00000, 0x0000000706a00000| Untracked 
|  36|0x0000000706c00000, 0x0000000706c00000, 0x0000000706e00000|  0%| F|  |TAMS 0x0000000706c00000, 0x0000000706c00000| Untracked 
|  37|0x0000000706e00000, 0x0000000706e00000, 0x0000000707000000|  0%| F|  |TAMS 0x0000000706e00000, 0x0000000706e00000| Untracked 
|  38|0x0000000707000000, 0x0000000707000000, 0x0000000707200000|  0%| F|  |TAMS 0x0000000707000000, 0x0000000707000000| Untracked 
|  39|0x0000000707200000, 0x0000000707200000, 0x0000000707400000|  0%| F|  |TAMS 0x0000000707200000, 0x0000000707200000| Untracked 
|  40|0x0000000707400000, 0x0000000707400000, 0x0000000707600000|  0%| F|  |TAMS 0x0000000707400000, 0x0000000707400000| Untracked 
|  41|0x0000000707600000, 0x0000000707600000, 0x0000000707800000|  0%| F|  |TAMS 0x0000000707600000, 0x0000000707600000| Untracked 
|  42|0x0000000707800000, 0x0000000707800000, 0x0000000707a00000|  0%| F|  |TAMS 0x0000000707800000, 0x0000000707800000| Untracked 
|  43|0x0000000707a00000, 0x0000000707a00000, 0x0000000707c00000|  0%| F|  |TAMS 0x0000000707a00000, 0x0000000707a00000| Untracked 
|  44|0x0000000707c00000, 0x0000000707c00000, 0x0000000707e00000|  0%| F|  |TAMS 0x0000000707c00000, 0x0000000707c00000| Untracked 
|  45|0x0000000707e00000, 0x0000000707e00000, 0x0000000708000000|  0%| F|  |TAMS 0x0000000707e00000, 0x0000000707e00000| Untracked 
|  46|0x0000000708000000, 0x0000000708000000, 0x0000000708200000|  0%| F|  |TAMS 0x0000000708000000, 0x0000000708000000| Untracked 
|  47|0x0000000708200000, 0x0000000708200000, 0x0000000708400000|  0%| F|  |TAMS 0x0000000708200000, 0x0000000708200000| Untracked 
|  48|0x0000000708400000, 0x0000000708400000, 0x0000000708600000|  0%| F|  |TAMS 0x0000000708400000, 0x0000000708400000| Untracked 
|  49|0x0000000708600000, 0x0000000708600000, 0x0000000708800000|  0%| F|  |TAMS 0x0000000708600000, 0x0000000708600000| Untracked 
|  50|0x0000000708800000, 0x0000000708800000, 0x0000000708a00000|  0%| F|  |TAMS 0x0000000708800000, 0x0000000708800000| Untracked 
|  51|0x0000000708a00000, 0x0000000708a00000, 0x0000000708c00000|  0%| F|  |TAMS 0x0000000708a00000, 0x0000000708a00000| Untracked 
|  52|0x0000000708c00000, 0x0000000708c00000, 0x0000000708e00000|  0%| F|  |TAMS 0x0000000708c00000, 0x0000000708c00000| Untracked 
|  53|0x0000000708e00000, 0x0000000708e00000, 0x0000000709000000|  0%| F|  |TAMS 0x0000000708e00000, 0x0000000708e00000| Untracked 
|  54|0x0000000709000000, 0x0000000709000000, 0x0000000709200000|  0%| F|  |TAMS 0x0000000709000000, 0x0000000709000000| Untracked 
|  55|0x0000000709200000, 0x0000000709200000, 0x0000000709400000|  0%| F|  |TAMS 0x0000000709200000, 0x0000000709200000| Untracked 
|  56|0x0000000709400000, 0x0000000709400000, 0x0000000709600000|  0%| F|  |TAMS 0x0000000709400000, 0x0000000709400000| Untracked 
|  57|0x0000000709600000, 0x0000000709600000, 0x0000000709800000|  0%| F|  |TAMS 0x0000000709600000, 0x0000000709600000| Untracked 
|  58|0x0000000709800000, 0x0000000709800000, 0x0000000709a00000|  0%| F|  |TAMS 0x0000000709800000, 0x0000000709800000| Untracked 
|  59|0x0000000709a00000, 0x0000000709a00000, 0x0000000709c00000|  0%| F|  |TAMS 0x0000000709a00000, 0x0000000709a00000| Untracked 
|  60|0x0000000709c00000, 0x0000000709c00000, 0x0000000709e00000|  0%| F|  |TAMS 0x0000000709c00000, 0x0000000709c00000| Untracked 
|  61|0x0000000709e00000, 0x0000000709e00000, 0x000000070a000000|  0%| F|  |TAMS 0x0000000709e00000, 0x0000000709e00000| Untracked 
|  62|0x000000070a000000, 0x000000070a000000, 0x000000070a200000|  0%| F|  |TAMS 0x000000070a000000, 0x000000070a000000| Untracked 
|  63|0x000000070a200000, 0x000000070a200000, 0x000000070a400000|  0%| F|  |TAMS 0x000000070a200000, 0x000000070a200000| Untracked 
|  64|0x000000070a400000, 0x000000070a400000, 0x000000070a600000|  0%| F|  |TAMS 0x000000070a400000, 0x000000070a400000| Untracked 
|  65|0x000000070a600000, 0x000000070a600000, 0x000000070a800000|  0%| F|  |TAMS 0x000000070a600000, 0x000000070a600000| Untracked 
|  66|0x000000070a800000, 0x000000070a800000, 0x000000070aa00000|  0%| F|  |TAMS 0x000000070a800000, 0x000000070a800000| Untracked 
|  67|0x000000070aa00000, 0x000000070aa00000, 0x000000070ac00000|  0%| F|  |TAMS 0x000000070aa00000, 0x000000070aa00000| Untracked 
|  68|0x000000070ac00000, 0x000000070ac00000, 0x000000070ae00000|  0%| F|  |TAMS 0x000000070ac00000, 0x000000070ac00000| Untracked 
|  69|0x000000070ae00000, 0x000000070ae00000, 0x000000070b000000|  0%| F|  |TAMS 0x000000070ae00000, 0x000000070ae00000| Untracked 
|  70|0x000000070b000000, 0x000000070b000000, 0x000000070b200000|  0%| F|  |TAMS 0x000000070b000000, 0x000000070b000000| Untracked 
|  71|0x000000070b200000, 0x000000070b200000, 0x000000070b400000|  0%| F|  |TAMS 0x000000070b200000, 0x000000070b200000| Untracked 
|  72|0x000000070b400000, 0x000000070b400000, 0x000000070b600000|  0%| F|  |TAMS 0x000000070b400000, 0x000000070b400000| Untracked 
|  73|0x000000070b600000, 0x000000070b600000, 0x000000070b800000|  0%| F|  |TAMS 0x000000070b600000, 0x000000070b600000| Untracked 
|  74|0x000000070b800000, 0x000000070b800000, 0x000000070ba00000|  0%| F|  |TAMS 0x000000070b800000, 0x000000070b800000| Untracked 
|  75|0x000000070ba00000, 0x000000070ba00000, 0x000000070bc00000|  0%| F|  |TAMS 0x000000070ba00000, 0x000000070ba00000| Untracked 
|  76|0x000000070bc00000, 0x000000070bc00000, 0x000000070be00000|  0%| F|  |TAMS 0x000000070bc00000, 0x000000070bc00000| Untracked 
|  77|0x000000070be00000, 0x000000070be00000, 0x000000070c000000|  0%| F|  |TAMS 0x000000070be00000, 0x000000070be00000| Untracked 
|  78|0x000000070c000000, 0x000000070c000000, 0x000000070c200000|  0%| F|  |TAMS 0x000000070c000000, 0x000000070c000000| Untracked 
|  79|0x000000070c200000, 0x000000070c200000, 0x000000070c400000|  0%| F|  |TAMS 0x000000070c200000, 0x000000070c200000| Untracked 
|  80|0x000000070c400000, 0x000000070c400000, 0x000000070c600000|  0%| F|  |TAMS 0x000000070c400000, 0x000000070c400000| Untracked 
|  81|0x000000070c600000, 0x000000070c600000, 0x000000070c800000|  0%| F|  |TAMS 0x000000070c600000, 0x000000070c600000| Untracked 
|  82|0x000000070c800000, 0x000000070c800000, 0x000000070ca00000|  0%| F|  |TAMS 0x000000070c800000, 0x000000070c800000| Untracked 
|  83|0x000000070ca00000, 0x000000070ca00000, 0x000000070cc00000|  0%| F|  |TAMS 0x000000070ca00000, 0x000000070ca00000| Untracked 
|  84|0x000000070cc00000, 0x000000070cc00000, 0x000000070ce00000|  0%| F|  |TAMS 0x000000070cc00000, 0x000000070cc00000| Untracked 
|  85|0x000000070ce00000, 0x000000070ce00000, 0x000000070d000000|  0%| F|  |TAMS 0x000000070ce00000, 0x000000070ce00000| Untracked 
|  86|0x000000070d000000, 0x000000070d000000, 0x000000070d200000|  0%| F|  |TAMS 0x000000070d000000, 0x000000070d000000| Untracked 
|  87|0x000000070d200000, 0x000000070d200000, 0x000000070d400000|  0%| F|  |TAMS 0x000000070d200000, 0x000000070d200000| Untracked 
|  88|0x000000070d400000, 0x000000070d400000, 0x000000070d600000|  0%| F|  |TAMS 0x000000070d400000, 0x000000070d400000| Untracked 
|  89|0x000000070d600000, 0x000000070d600000, 0x000000070d800000|  0%| F|  |TAMS 0x000000070d600000, 0x000000070d600000| Untracked 
|  90|0x000000070d800000, 0x000000070d800000, 0x000000070da00000|  0%| F|  |TAMS 0x000000070d800000, 0x000000070d800000| Untracked 
|  91|0x000000070da00000, 0x000000070da00000, 0x000000070dc00000|  0%| F|  |TAMS 0x000000070da00000, 0x000000070da00000| Untracked 
|  92|0x000000070dc00000, 0x000000070dc00000, 0x000000070de00000|  0%| F|  |TAMS 0x000000070dc00000, 0x000000070dc00000| Untracked 
|  93|0x000000070de00000, 0x000000070de00000, 0x000000070e000000|  0%| F|  |TAMS 0x000000070de00000, 0x000000070de00000| Untracked 
|  94|0x000000070e000000, 0x000000070e000000, 0x000000070e200000|  0%| F|  |TAMS 0x000000070e000000, 0x000000070e000000| Untracked 
|  95|0x000000070e200000, 0x000000070e200000, 0x000000070e400000|  0%| F|  |TAMS 0x000000070e200000, 0x000000070e200000| Untracked 
|  96|0x000000070e400000, 0x000000070e400000, 0x000000070e600000|  0%| F|  |TAMS 0x000000070e400000, 0x000000070e400000| Untracked 
|  97|0x000000070e600000, 0x000000070e600000, 0x000000070e800000|  0%| F|  |TAMS 0x000000070e600000, 0x000000070e600000| Untracked 
|  98|0x000000070e800000, 0x000000070e800000, 0x000000070ea00000|  0%| F|  |TAMS 0x000000070e800000, 0x000000070e800000| Untracked 
|  99|0x000000070ea00000, 0x000000070ea00000, 0x000000070ec00000|  0%| F|  |TAMS 0x000000070ea00000, 0x000000070ea00000| Untracked 
| 100|0x000000070ec00000, 0x000000070ec00000, 0x000000070ee00000|  0%| F|  |TAMS 0x000000070ec00000, 0x000000070ec00000| Untracked 
| 101|0x000000070ee00000, 0x000000070ee00000, 0x000000070f000000|  0%| F|  |TAMS 0x000000070ee00000, 0x000000070ee00000| Untracked 
| 102|0x000000070f000000, 0x000000070f000000, 0x000000070f200000|  0%| F|  |TAMS 0x000000070f000000, 0x000000070f000000| Untracked 
| 103|0x000000070f200000, 0x000000070f200000, 0x000000070f400000|  0%| F|  |TAMS 0x000000070f200000, 0x000000070f200000| Untracked 
| 104|0x000000070f400000, 0x000000070f400000, 0x000000070f600000|  0%| F|  |TAMS 0x000000070f400000, 0x000000070f400000| Untracked 
| 105|0x000000070f600000, 0x000000070f600000, 0x000000070f800000|  0%| F|  |TAMS 0x000000070f600000, 0x000000070f600000| Untracked 
| 106|0x000000070f800000, 0x000000070f800000, 0x000000070fa00000|  0%| F|  |TAMS 0x000000070f800000, 0x000000070f800000| Untracked 
| 107|0x000000070fa00000, 0x000000070fa00000, 0x000000070fc00000|  0%| F|  |TAMS 0x000000070fa00000, 0x000000070fa00000| Untracked 
| 108|0x000000070fc00000, 0x000000070fc00000, 0x000000070fe00000|  0%| F|  |TAMS 0x000000070fc00000, 0x000000070fc00000| Untracked 
| 109|0x000000070fe00000, 0x000000070fe00000, 0x0000000710000000|  0%| F|  |TAMS 0x000000070fe00000, 0x000000070fe00000| Untracked 
| 110|0x0000000710000000, 0x0000000710000000, 0x0000000710200000|  0%| F|  |TAMS 0x0000000710000000, 0x0000000710000000| Untracked 
| 111|0x0000000710200000, 0x0000000710200000, 0x0000000710400000|  0%| F|  |TAMS 0x0000000710200000, 0x0000000710200000| Untracked 
| 112|0x0000000710400000, 0x0000000710400000, 0x0000000710600000|  0%| F|  |TAMS 0x0000000710400000, 0x0000000710400000| Untracked 
| 113|0x0000000710600000, 0x0000000710600000, 0x0000000710800000|  0%| F|  |TAMS 0x0000000710600000, 0x0000000710600000| Untracked 
| 114|0x0000000710800000, 0x0000000710800000, 0x0000000710a00000|  0%| F|  |TAMS 0x0000000710800000, 0x0000000710800000| Untracked 
| 115|0x0000000710a00000, 0x0000000710a00000, 0x0000000710c00000|  0%| F|  |TAMS 0x0000000710a00000, 0x0000000710a00000| Untracked 
| 116|0x0000000710c00000, 0x0000000710c00000, 0x0000000710e00000|  0%| F|  |TAMS 0x0000000710c00000, 0x0000000710c00000| Untracked 
| 117|0x0000000710e00000, 0x0000000710e00000, 0x0000000711000000|  0%| F|  |TAMS 0x0000000710e00000, 0x0000000710e00000| Untracked 
| 118|0x0000000711000000, 0x0000000711000000, 0x0000000711200000|  0%| F|  |TAMS 0x0000000711000000, 0x0000000711000000| Untracked 
| 119|0x0000000711200000, 0x0000000711200000, 0x0000000711400000|  0%| F|  |TAMS 0x0000000711200000, 0x0000000711200000| Untracked 
| 120|0x0000000711400000, 0x0000000711400000, 0x0000000711600000|  0%| F|  |TAMS 0x0000000711400000, 0x0000000711400000| Untracked 
| 121|0x0000000711600000, 0x0000000711600000, 0x0000000711800000|  0%| F|  |TAMS 0x0000000711600000, 0x0000000711600000| Untracked 
| 122|0x0000000711800000, 0x0000000711800000, 0x0000000711a00000|  0%| F|  |TAMS 0x0000000711800000, 0x0000000711800000| Untracked 
| 123|0x0000000711a00000, 0x0000000711a00000, 0x0000000711c00000|  0%| F|  |TAMS 0x0000000711a00000, 0x0000000711a00000| Untracked 
| 124|0x0000000711c00000, 0x0000000711dc4d60, 0x0000000711e00000| 88%| E|  |TAMS 0x0000000711c00000, 0x0000000711c00000| Complete 
| 125|0x0000000711e00000, 0x0000000712000000, 0x0000000712000000|100%| E|CS|TAMS 0x0000000711e00000, 0x0000000711e00000| Complete 
| 126|0x0000000712000000, 0x0000000712200000, 0x0000000712200000|100%| E|CS|TAMS 0x0000000712000000, 0x0000000712000000| Complete 

Card table byte_map: [0x000001e9f3ab0000,0x000001e9f42a0000] _byte_map_base: 0x000001e9f029e000

Marking Bits (Prev, Next): (CMBitMap*) 0x000001e9dc25b2c0, (CMBitMap*) 0x000001e9dc25b300
 Prev Bits: [0x000001e9f4a90000, 0x000001e9f8a00000)
 Next Bits: [0x000001e9f8a00000, 0x000001e9fc970000)

Polling page: 0x000001e9da120000

Metaspace:

Usage:
  Non-class:      2.42 MB used.
      Class:    255.41 KB used.
       Both:      2.67 MB used.

Virtual space:
  Non-class space:        8.00 MB reserved,       2.50 MB ( 31%) committed,  1 nodes.
      Class space:        1.00 GB reserved,     320.00 KB ( <1%) committed,  1 nodes.
             Both:        1.01 GB reserved,       2.81 MB ( <1%) committed. 

Chunk freelists:
   Non-Class:  3.70 MB
       Class:  3.70 MB
        Both:  7.41 MB

MaxMetaspaceSize: unlimited
CompressedClassSpaceSize: 1.00 GB
Initial GC threshold: 21.00 MB
Current GC threshold: 21.00 MB
CDS: on
MetaspaceReclaimPolicy: balanced
 - commit_granule_bytes: 65536.
 - commit_granule_words: 8192.
 - virtual_space_node_default_size: 1048576.
 - enlarge_chunks_in_place: 1.
 - new_chunks_are_fully_committed: 0.
 - uncommit_free_chunks: 1.
 - use_allocation_guard: 0.
 - handle_deallocations: 1.


Internal statistics:

num_allocs_failed_limit: 0.
num_arena_births: 10.
num_arena_deaths: 0.
num_vsnodes_births: 2.
num_vsnodes_deaths: 0.
num_space_committed: 45.
num_space_uncommitted: 0.
num_chunks_returned_to_freelist: 0.
num_chunks_taken_from_freelist: 32.
num_chunk_merges: 0.
num_chunk_splits: 20.
num_chunks_enlarged: 14.
num_purges: 0.
num_inconsistent_stats: 0.

CodeHeap 'non-profiled nmethods': size=120000Kb used=119Kb max_used=119Kb free=119880Kb
 bounds [0x000001e9eb840000, 0x000001e9ebab0000, 0x000001e9f2d70000]
CodeHeap 'profiled nmethods': size=120000Kb used=532Kb max_used=532Kb free=119467Kb
 bounds [0x000001e9e4310000, 0x000001e9e4580000, 0x000001e9eb840000]
CodeHeap 'non-nmethods': size=5760Kb used=1199Kb max_used=1216Kb free=4560Kb
 bounds [0x000001e9e3d70000, 0x000001e9e3fe0000, 0x000001e9e4310000]
 total_blobs=767 nmethods=354 adapters=326
 compilation: enabled
              stopped_count=0, restarted_count=0
 full_count=0

Compilation events (20 events):
Event: 422.309 Thread 0x000001e980970df0  347       3       org.eclipse.jdt.launching.internal.org.objectweb.asm.ClassReader::readUtf (44 bytes)
Event: 422.309 Thread 0x000001e980970df0 nmethod 347 0x000001e9e4391b90 code [0x000001e9e4391d60, 0x000001e9e4392178]
Event: 422.309 Thread 0x000001e980970df0  348       3       org.eclipse.jdt.launching.internal.org.objectweb.asm.ClassReader::readUTF8 (23 bytes)
Event: 422.310 Thread 0x000001e980970df0 nmethod 348 0x000001e9e4392310 code [0x000001e9e43924c0, 0x000001e9e4392718]
Event: 422.310 Thread 0x000001e980970df0  343       3       java.lang.String::<init> (74 bytes)
Event: 422.310 Thread 0x000001e980970df0 nmethod 343 0x000001e9e4392810 code [0x000001e9e43929e0, 0x000001e9e4392e18]
Event: 422.310 Thread 0x000001e980970df0  346       3       org.eclipse.jdt.launching.internal.org.objectweb.asm.SymbolTable::addConstantUtf8 (20 bytes)
Event: 422.310 Thread 0x000001e980970df0 nmethod 346 0x000001e9e4392f10 code [0x000001e9e43930e0, 0x000001e9e43933a8]
Event: 422.310 Thread 0x000001e980970df0  349       3       org.eclipse.jdt.launching.internal.org.objectweb.asm.Symbol::<init> (38 bytes)
Event: 422.311 Thread 0x000001e980970df0 nmethod 349 0x000001e9e4393510 code [0x000001e9e43936c0, 0x000001e9e4393978]
Event: 432.733 Thread 0x000001e980970df0  351       3       org.eclipse.jdt.launching.internal.org.objectweb.asm.ClassReader::getItem (7 bytes)
Event: 432.733 Thread 0x000001e980970df0 nmethod 351 0x000001e9e4393a90 code [0x000001e9e4393c20, 0x000001e9e4393d58]
Event: 432.733 Thread 0x000001e980970df0  350       3       java.lang.String::rangeCheck (9 bytes)
Event: 432.733 Thread 0x000001e980970df0 nmethod 350 0x000001e9e4393e10 code [0x000001e9e4393fc0, 0x000001e9e4394108]
Event: 466.252 Thread 0x000001e980970df0  353       3       org.eclipse.jdt.launching.internal.org.objectweb.asm.SymbolTable::add (39 bytes)
Event: 466.253 Thread 0x000001e980970df0 nmethod 353 0x000001e9e4394210 code [0x000001e9e43943c0, 0x000001e9e4394738]
Event: 466.253 Thread 0x000001e980970df0  352       3       java.lang.StringUTF16::compress (20 bytes)
Event: 466.253 Thread 0x000001e980970df0 nmethod 352 0x000001e9e4394890 code [0x000001e9e4394a40, 0x000001e9e4394c88]
Event: 466.253 Thread 0x000001e980970df0  354       3       org.eclipse.jdt.launching.internal.org.objectweb.asm.SymbolTable::get (13 bytes)
Event: 466.253 Thread 0x000001e980970df0 nmethod 354 0x000001e9e4394d90 code [0x000001e9e4394f20, 0x000001e9e4395078]

GC Heap History (0 events):
No events

Deoptimization events (20 events):
Event: 0.245 Thread 0x000001e9dc1ed4e0 DEOPT PACKING pc=0x000001e9e43735d4 sp=0x000000dcff7f82f0
Event: 0.245 Thread 0x000001e9dc1ed4e0 DEOPT UNPACKING pc=0x000001e9e3dc2b43 sp=0x000000dcff7f7758 mode 0
Event: 0.245 Thread 0x000001e9dc1ed4e0 DEOPT PACKING pc=0x000001e9e43735d4 sp=0x000000dcff7f82f0
Event: 0.245 Thread 0x000001e9dc1ed4e0 DEOPT UNPACKING pc=0x000001e9e3dc2b43 sp=0x000000dcff7f7758 mode 0
Event: 0.248 Thread 0x000001e9dc1ed4e0 DEOPT PACKING pc=0x000001e9e43735d4 sp=0x000000dcff7fbd40
Event: 0.248 Thread 0x000001e9dc1ed4e0 DEOPT UNPACKING pc=0x000001e9e3dc2b43 sp=0x000000dcff7fb1a8 mode 0
Event: 0.248 Thread 0x000001e9dc1ed4e0 DEOPT PACKING pc=0x000001e9e43735d4 sp=0x000000dcff7fbd40
Event: 0.248 Thread 0x000001e9dc1ed4e0 DEOPT UNPACKING pc=0x000001e9e3dc2b43 sp=0x000000dcff7fb1a8 mode 0
Event: 0.248 Thread 0x000001e9dc1ed4e0 DEOPT PACKING pc=0x000001e9e43735d4 sp=0x000000dcff7fbd40
Event: 0.248 Thread 0x000001e9dc1ed4e0 DEOPT UNPACKING pc=0x000001e9e3dc2b43 sp=0x000000dcff7fb1a8 mode 0
Event: 0.249 Thread 0x000001e9dc1ed4e0 DEOPT PACKING pc=0x000001e9e43735d4 sp=0x000000dcff7f8270
Event: 0.249 Thread 0x000001e9dc1ed4e0 DEOPT UNPACKING pc=0x000001e9e3dc2b43 sp=0x000000dcff7f76d8 mode 0
Event: 0.258 Thread 0x000001e9dc1ed4e0 DEOPT PACKING pc=0x000001e9e43735d4 sp=0x000000dcff7f7ee0
Event: 0.258 Thread 0x000001e9dc1ed4e0 DEOPT UNPACKING pc=0x000001e9e3dc2b43 sp=0x000000dcff7f7348 mode 0
Event: 0.258 Thread 0x000001e9dc1ed4e0 DEOPT PACKING pc=0x000001e9e43735d4 sp=0x000000dcff7f7ee0
Event: 0.258 Thread 0x000001e9dc1ed4e0 DEOPT UNPACKING pc=0x000001e9e3dc2b43 sp=0x000000dcff7f7348 mode 0
Event: 0.258 Thread 0x000001e9dc1ed4e0 DEOPT PACKING pc=0x000001e9e43735d4 sp=0x000000dcff7f7ee0
Event: 0.258 Thread 0x000001e9dc1ed4e0 DEOPT UNPACKING pc=0x000001e9e3dc2b43 sp=0x000000dcff7f7348 mode 0
Event: 0.258 Thread 0x000001e9dc1ed4e0 DEOPT PACKING pc=0x000001e9e43735d4 sp=0x000000dcff7f7ee0
Event: 0.258 Thread 0x000001e9dc1ed4e0 DEOPT UNPACKING pc=0x000001e9e3dc2b43 sp=0x000000dcff7f7348 mode 0

Classes unloaded (0 events):
No events

Classes redefined (2 events):
Event: 432.737 Thread 0x000001e9ff5e9280 redefined class name=NumberRange, count=1
Event: 466.258 Thread 0x000001e9ff5e9280 redefined class name=NumberRange, count=2

Internal exceptions (0 events):
No events

VM Operations (20 events):
Event: 432.740 Executing VM operation: ChangeSingleStep
Event: 432.740 Executing VM operation: ChangeSingleStep done
Event: 432.741 Executing VM operation: get/set locals
Event: 432.741 Executing VM operation: get/set locals done
Event: 432.743 Executing VM operation: ChangeSingleStep
Event: 432.743 Executing VM operation: ChangeSingleStep done
Event: 432.756 Executing VM operation: get/set locals
Event: 432.756 Executing VM operation: get/set locals done
Event: 466.249 Executing VM operation: ChangeSingleStep
Event: 466.249 Executing VM operation: ChangeSingleStep done
Event: 466.249 Executing VM operation: ChangeSingleStep
Event: 466.249 Executing VM operation: ChangeSingleStep done
Event: 466.257 Executing VM operation: RedefineClasses
Event: 466.260 Executing VM operation: RedefineClasses done
Event: 466.261 Executing VM operation: ChangeSingleStep
Event: 466.261 Executing VM operation: ChangeSingleStep done
Event: 466.262 Executing VM operation: get/set locals
Event: 466.262 Executing VM operation: get/set locals done
Event: 466.264 Executing VM operation: ChangeSingleStep
Event: 466.264 Executing VM operation: ChangeSingleStep done

Events (20 events):
Event: 0.240 loading class jdk/internal/reflect/ByteVectorImpl done
Event: 0.240 loading class jdk/internal/reflect/ClassFileAssembler
Event: 0.240 loading class jdk/internal/reflect/ClassFileAssembler done
Event: 0.240 loading class jdk/internal/reflect/UTF8
Event: 0.240 loading class jdk/internal/reflect/UTF8 done
Event: 0.241 loading class jdk/internal/reflect/Label
Event: 0.241 loading class jdk/internal/reflect/Label done
Event: 0.241 loading class jdk/internal/reflect/Label$PatchInfo
Event: 0.241 loading class jdk/internal/reflect/Label$PatchInfo done
Event: 0.241 loading class jdk/internal/reflect/MethodAccessorGenerator$1
Event: 0.241 loading class jdk/internal/reflect/MethodAccessorGenerator$1 done
Event: 0.241 loading class jdk/internal/reflect/ClassDefiner
Event: 0.241 loading class jdk/internal/reflect/ClassDefiner done
Event: 0.241 loading class jdk/internal/reflect/ClassDefiner$1
Event: 0.241 loading class jdk/internal/reflect/ClassDefiner$1 done
Event: 0.241 loading class jdk/internal/reflect/BootstrapConstructorAccessorImpl
Event: 0.241 loading class jdk/internal/reflect/BootstrapConstructorAccessorImpl done
Event: 0.259 loading class java/lang/IllegalStateException
Event: 0.259 loading class java/lang/IllegalStateException done
Event: 5.276 Thread 0x000001e980bcd320 Thread exited: 0x000001e980bcd320


Dynamic libraries:
0x00007ff6f6d70000 - 0x00007ff6f6d7e000 	C:\Program Files\Java\zulu17.36.13-ca-jdk17.0.4-win_x64\bin\javaw.exe
0x00007ff961dd0000 - 0x00007ff961fe4000 	C:\WINDOWS\SYSTEM32\ntdll.dll
0x00007ff960520000 - 0x00007ff9605e3000 	C:\WINDOWS\System32\KERNEL32.DLL
0x00007ff95f700000 - 0x00007ff95fa9d000 	C:\WINDOWS\System32\KERNELBASE.dll
0x00007ff95f5e0000 - 0x00007ff95f6f1000 	C:\WINDOWS\System32\ucrtbase.dll
0x00007ff94e3e0000 - 0x00007ff94e3fb000 	C:\Program Files\Java\zulu17.36.13-ca-jdk17.0.4-win_x64\bin\VCRUNTIME140.dll
0x00007ff94e3c0000 - 0x00007ff94e3d8000 	C:\Program Files\Java\zulu17.36.13-ca-jdk17.0.4-win_x64\bin\jli.dll
0x00007ff960ba0000 - 0x00007ff960d4d000 	C:\WINDOWS\System32\USER32.dll
0x00007ff95f3a0000 - 0x00007ff95f3c6000 	C:\WINDOWS\System32\win32u.dll
0x00007ff932320000 - 0x00007ff9325ae000 	C:\WINDOWS\WinSxS\amd64_microsoft.windows.common-controls_6595b64144ccf1df_6.0.22621.608_none_a9444ca7c10bb01d\COMCTL32.dll
0x00007ff960b70000 - 0x00007ff960b99000 	C:\WINDOWS\System32\GDI32.dll
0x00007ff95fbc0000 - 0x00007ff95fc67000 	C:\WINDOWS\System32\msvcrt.dll
0x00007ff95faa0000 - 0x00007ff95fbb2000 	C:\WINDOWS\System32\gdi32full.dll
0x00007ff95f3d0000 - 0x00007ff95f46a000 	C:\WINDOWS\System32\msvcp_win.dll
0x00007ff960fb0000 - 0x00007ff960fe2000 	C:\WINDOWS\System32\IMM32.DLL
0x00007ff95a900000 - 0x00007ff95a90c000 	C:\Program Files\Java\zulu17.36.13-ca-jdk17.0.4-win_x64\bin\vcruntime140_1.dll
0x00007ff9458d0000 - 0x00007ff94595d000 	C:\Program Files\Java\zulu17.36.13-ca-jdk17.0.4-win_x64\bin\msvcp140.dll
0x00007ff8f7b20000 - 0x00007ff8f8783000 	C:\Program Files\Java\zulu17.36.13-ca-jdk17.0.4-win_x64\bin\server\jvm.dll
0x00007ff960ff0000 - 0x00007ff96109e000 	C:\WINDOWS\System32\ADVAPI32.dll
0x00007ff960d50000 - 0x00007ff960df4000 	C:\WINDOWS\System32\sechost.dll
0x00007ff960e10000 - 0x00007ff960f25000 	C:\WINDOWS\System32\RPCRT4.dll
0x00007ff9611b0000 - 0x00007ff9611b8000 	C:\WINDOWS\System32\PSAPI.DLL
0x00007ff95a230000 - 0x00007ff95a239000 	C:\WINDOWS\SYSTEM32\WSOCK32.dll
0x00007ff9570f0000 - 0x00007ff957124000 	C:\WINDOWS\SYSTEM32\WINMM.dll
0x00007ff9576c0000 - 0x00007ff9576ca000 	C:\WINDOWS\SYSTEM32\VERSION.dll
0x00007ff960f30000 - 0x00007ff960fa1000 	C:\WINDOWS\System32\WS2_32.dll
0x00007ff95e210000 - 0x00007ff95e228000 	C:\WINDOWS\SYSTEM32\kernel.appcore.dll
0x00007ff95a220000 - 0x00007ff95a22a000 	C:\Program Files\Java\zulu17.36.13-ca-jdk17.0.4-win_x64\bin\jimage.dll
0x00007ff95cbb0000 - 0x00007ff95cdde000 	C:\WINDOWS\SYSTEM32\DBGHELP.DLL
0x00007ff961800000 - 0x00007ff961b8a000 	C:\WINDOWS\System32\combase.dll
0x00007ff961b90000 - 0x00007ff961c67000 	C:\WINDOWS\System32\OLEAUT32.dll
0x00007ff947620000 - 0x00007ff947652000 	C:\WINDOWS\SYSTEM32\dbgcore.DLL
0x00007ff95f320000 - 0x00007ff95f39b000 	C:\WINDOWS\System32\bcryptPrimitives.dll
0x00007ff945890000 - 0x00007ff9458cb000 	C:\Program Files\Java\zulu17.36.13-ca-jdk17.0.4-win_x64\bin\jdwp.dll
0x00007ff95a240000 - 0x00007ff95a24e000 	C:\Program Files\Java\zulu17.36.13-ca-jdk17.0.4-win_x64\bin\instrument.dll
0x00007ff946be0000 - 0x00007ff946c05000 	C:\Program Files\Java\zulu17.36.13-ca-jdk17.0.4-win_x64\bin\java.dll
0x00007ff946a80000 - 0x00007ff946b57000 	C:\Program Files\Java\zulu17.36.13-ca-jdk17.0.4-win_x64\bin\jsvml.dll
0x00007ff95fc70000 - 0x00007ff96045f000 	C:\WINDOWS\System32\SHELL32.dll
0x00007ff95d1d0000 - 0x00007ff95da98000 	C:\WINDOWS\SYSTEM32\windows.storage.dll
0x00007ff95d090000 - 0x00007ff95d1ce000 	C:\WINDOWS\SYSTEM32\wintypes.dll
0x00007ff961c70000 - 0x00007ff961d61000 	C:\WINDOWS\System32\SHCORE.dll
0x00007ff9617a0000 - 0x00007ff9617fe000 	C:\WINDOWS\System32\shlwapi.dll
0x00007ff95f120000 - 0x00007ff95f141000 	C:\WINDOWS\SYSTEM32\profapi.dll
0x00007ff957b10000 - 0x00007ff957b1c000 	C:\Program Files\Java\zulu17.36.13-ca-jdk17.0.4-win_x64\bin\dt_socket.dll
0x00007ff95dcf0000 - 0x00007ff95dd1d000 	C:\WINDOWS\SYSTEM32\IPHLPAPI.DLL
0x00007ff95e660000 - 0x00007ff95e6c9000 	C:\WINDOWS\system32\mswsock.dll
0x00007ff95dd60000 - 0x00007ff95de52000 	C:\WINDOWS\SYSTEM32\DNSAPI.dll
0x00007ff960e00000 - 0x00007ff960e09000 	C:\WINDOWS\System32\NSI.dll
0x00007ff9571b0000 - 0x00007ff9571ba000 	C:\Windows\System32\rasadhlp.dll
0x00007ff9559f0000 - 0x00007ff955a73000 	C:\WINDOWS\System32\fwpuclnt.dll
0x00007ff946a60000 - 0x00007ff946a78000 	C:\Program Files\Java\zulu17.36.13-ca-jdk17.0.4-win_x64\bin\zip.dll
0x00007ff94de80000 - 0x00007ff94de99000 	C:\Program Files\Java\zulu17.36.13-ca-jdk17.0.4-win_x64\bin\net.dll
0x00007ff956bf0000 - 0x00007ff956d1f000 	C:\WINDOWS\SYSTEM32\WINHTTP.dll
0x00007ff946e80000 - 0x00007ff946e96000 	C:\Program Files\Java\zulu17.36.13-ca-jdk17.0.4-win_x64\bin\nio.dll
0x00007ff94dcf0000 - 0x00007ff94dd00000 	C:\Program Files\Java\zulu17.36.13-ca-jdk17.0.4-win_x64\bin\verify.dll

dbghelp: loaded successfully - version: 4.0.5 - missing functions: none
symbol engine: initialized successfully - sym options: 0x614 - pdb path: .;C:\Program Files\Java\zulu17.36.13-ca-jdk17.0.4-win_x64\bin;C:\WINDOWS\SYSTEM32;C:\WINDOWS\WinSxS\amd64_microsoft.windows.common-controls_6595b64144ccf1df_6.0.22621.608_none_a9444ca7c10bb01d;C:\Program Files\Java\zulu17.36.13-ca-jdk17.0.4-win_x64\bin\server

VM Arguments:
jvm_args: -XX:+ShowCodeDetailsInExceptionMessages -agentlib:jdwp=transport=dt_socket,suspend=y,address=localhost:55047 -javaagent:C:\Users\Rafae\eclipse\java-2022-03\eclipse\configuration\org.eclipse.osgi\225\0\.cp\lib\javaagent-shaded.jar -Dfile.encoding=Cp1252 
java_command: Client1
java_class_path (initial): F:\temp\ws - ecliplse\TP2_VR\bin
Launcher Type: SUN_STANDARD

[Global flags]
     intx CICompilerCount                          = 4                                         {product} {ergonomic}
     uint ConcGCThreads                            = 3                                         {product} {ergonomic}
     uint G1ConcRefinementThreads                  = 10                                        {product} {ergonomic}
   size_t G1HeapRegionSize                         = 2097152                                   {product} {ergonomic}
    uintx GCDrainStackTargetSize                   = 64                                        {product} {ergonomic}
   size_t InitialHeapSize                          = 266338304                                 {product} {ergonomic}
   size_t MarkStackSize                            = 4194304                                   {product} {ergonomic}
   size_t MaxHeapSize                              = 4257218560                                {product} {ergonomic}
   size_t MaxNewSize                               = 2554331136                                {product} {ergonomic}
   size_t MinHeapDeltaBytes                        = 2097152                                   {product} {ergonomic}
   size_t MinHeapSize                              = 8388608                                   {product} {ergonomic}
    uintx NonNMethodCodeHeapSize                   = 5839372                                {pd product} {ergonomic}
    uintx NonProfiledCodeHeapSize                  = 122909434                              {pd product} {ergonomic}
    uintx ProfiledCodeHeapSize                     = 122909434                              {pd product} {ergonomic}
    uintx ReservedCodeCacheSize                    = 251658240                              {pd product} {ergonomic}
     bool SegmentedCodeCache                       = true                                      {product} {ergonomic}
     bool ShowCodeDetailsInExceptionMessages       = true                                   {manageable} {command line}
   size_t SoftMaxHeapSize                          = 4257218560                             {manageable} {ergonomic}
     bool UseCompressedClassPointers               = true                           {product lp64_product} {ergonomic}
     bool UseCompressedOops                        = true                           {product lp64_product} {ergonomic}
     bool UseG1GC                                  = true                                      {product} {ergonomic}
     bool UseLargePagesIndividualAllocation        = false                                  {pd product} {ergonomic}

Logging:
Log output configuration:
 #0: stdout all=warning uptime,level,tags
 #1: stderr all=off uptime,level,tags

Environment Variables:
JAVA_HOME=C:\Program Files\Java\zulu17.36.13-ca-jdk17.0.4-win_x64
PATH=C:/Program Files/Java/zulu17.36.13-ca-jdk17.0.4-win_x64/bin/server;C:/Program Files/Java/zulu17.36.13-ca-jdk17.0.4-win_x64/bin;F:\Program Files (x86)\VMware\VMware Player\bin\;C:\Program Files\Java\zulu17.36.13-ca-jdk17.0.4-win_x64\bin;C:\Program Files (x86)\Common Files\Oracle\Java\javapath;C:\Windows\system32;C:\Windows;C:\Windows\System32\Wbem;C:\Windows\System32\WindowsPowerShell\v1.0\;C:\Windows\System32\OpenSSH\;C:\Program Files (x86)\NVIDIA Corporation\PhysX\Common;C:\Program Files\NVIDIA Corporation\NVIDIA NvDLISR;C:\WINDOWS\system32;C:\WINDOWS;C:\WINDOWS\System32\Wbem;C:\WINDOWS\System32\WindowsPowerShell\v1.0\;C:\WINDOWS\System32\OpenSSH\;C:\Program Files\WireGuard\;F:\disco Extra\PuTTY\;C:\Program Files\Azure Data Studio\bin;C:\Program Files (x86)\Microsoft SQL Server\150\DTS\Binn\;C:\Program Files\Microsoft SQL Server\Client SDK\ODBC\170\Tools\Binn\;C:\Users\Rafae\AppData\Local\Microsoft\WindowsApps;;C:\Program Files\Azure Data Studio\bin;C:\Users\Rafae\OneDrive\Ambiente de Trabalho;
USERNAME=Rafae
OS=Windows_NT
PROCESSOR_IDENTIFIER=Intel64 Family 6 Model 158 Stepping 10, GenuineIntel
TMP=C:\Users\Rafae\AppData\Local\Temp
TEMP=C:\Users\Rafae\AppData\Local\Temp



---------------  S Y S T E M  ---------------

OS:
 Windows 11 , 64 bit Build 22621 (10.0.22621.963)
OS uptime: 4 days 21:05 hours
Hyper-V role detected

CPU: total 12 (initial active 12) (6 cores per cpu, 2 threads per core) family 6 model 158 stepping 10 microcode 0xde, cx8, cmov, fxsr, ht, mmx, 3dnowpref, sse, sse2, sse3, ssse3, sse4.1, sse4.2, popcnt, lzcnt, tsc, tscinvbit, avx, avx2, aes, erms, clmul, bmi1, bmi2, adx, fma, vzeroupper, clflush, clflushopt, hv

Memory: 4k page, system-wide physical 16235M (8550M free)
TotalPageFile size 17259M (AvailPageFile size 7090M)
current process WorkingSet (physical memory assigned to process): 43M, peak: 46M
current process commit charge ("private bytes"): 350M, peak: 353M

vm_info: OpenJDK 64-Bit Server VM (17.0.4+8-LTS) for windows-amd64 JRE (17.0.4+8-LTS) (Zulu17.36+13-CA), built on Jul 12 2022 16:23:21 by "zulu_re" with MS VC++ 16.10 / 16.11 (VS2019)

END.
